<?xml version="1.0" encoding="UTF-8"?>
<!-- Generated by org.testng.reporters.JUnitXMLReporter -->
<testsuite ignored="5" hostname="Manoj" failures="1" tests="3" name="Smoke_Test" time="41.618" errors="0" timestamp="2023-11-17T15:25:15 IST">
  <testcase classname="com.mystore.testcases.LoginPageTest" name="LoginTest" time="7.101">
    <failure type="java.lang.AssertionError" message="did not expect [Logged in as manoj] but found [Logged in as manoj]">
      <![CDATA[java.lang.AssertionError: did not expect [Logged in as manoj] but found [Logged in as manoj]
at com.mystore.testcases.LoginPageTest.LoginTest(LoginPageTest.java:44)
at java.base/java.util.ArrayList.forEach(ArrayList.java:1511)
... Removed 32 stack frames]]>
    </failure>
  </testcase> <!-- LoginTest -->
  <testcase classname="com.mystore.testcases.IndexPageTest" name="Verifylogo" time="0.227"/>
  <testcase classname="com.mystore.testcases.IndexPageTest" name="Verifytitle" time="0.027"/>
  <testcase classname="com.mystore.testcases.AddToCartPageTest" name="AddToCartPage" time="0.0">
    <ignored/>
  </testcase> <!-- AddToCartPage -->
  <testcase classname="com.mystore.testcases.AccountPageTest" name="AccountTest" time="0.0">
    <ignored/>
  </testcase> <!-- AccountTest -->
  <testcase classname="com.mystore.base.BaseClass" name="@BeforeSuite loadConfig" time="0.0">
    <ignored/>
  </testcase> <!-- @BeforeSuite loadConfig -->
  <testcase classname="com.mystore.base.BaseClass" name="@BeforeSuite loadConfig" time="0.0">
    <ignored/>
  </testcase> <!-- @BeforeSuite loadConfig -->
  <testcase classname="com.mystore.base.BaseClass" name="@BeforeSuite loadConfig" time="0.0">
    <ignored/>
  </testcase> <!-- @BeforeSuite loadConfig -->
</testsuite> <!-- Smoke_Test -->
